<?xml version="1.0" encoding="UTF-8"?>
<!-- Generated by org.testng.reporters.JUnitReportReporter -->
<testsuite hostname="Raghav" failures="0" tests="3" name="HelperAttributes.WorkWithPriority" time="0.010" errors="0" timestamp="2024-07-02T14:34:29 IST" skipped="0">
  <testcase classname="HelperAttributes.WorkWithPriority" name="Login" time="0.009"/>
  <system-out>
    <![CDATA[Login]]>
  </system-out>
  <testcase classname="HelperAttributes.WorkWithPriority" name="AddtoCart" time="0.001"/>
  <system-out>
    <![CDATA[AddtoCart]]>
  </system-out>
  <testcase classname="HelperAttributes.WorkWithPriority" name="Logout" time="0.000"/>
  <system-out>
    <![CDATA[Logout]]>
  </system-out>
</testsuite> <!-- HelperAttributes.WorkWithPriority -->
