<?xml version="1.0" encoding="UTF-8"?>
<!-- Generated by org.testng.reporters.JUnitReportReporter -->
<testsuite hostname="Raghav" failures="0" tests="2" name="HelperAttributes.WorkwithEnabled" time="0.010" errors="0" timestamp="2024-07-02T15:24:11 IST" skipped="1">
  <testcase classname="HelperAttributes.WorkwithEnabled" name="Logout" time="0.010"/>
  <system-out>
    <![CDATA[Logout]]>
  </system-out>
  <testcase classname="HelperAttributes.WorkwithEnabled" name="Launch">
    <skipped/>
  </testcase> <!-- Launch -->
  <system-out/>
</testsuite> <!-- HelperAttributes.WorkwithEnabled -->
