<?xml version="1.0" encoding="UTF-8"?>
<!-- Generated by org.testng.reporters.JUnitReportReporter -->
<testsuite hostname="Raghav" failures="0" tests="5" name="HelperAttributes.WorkwithInvocationCount" time="37.300" errors="0" timestamp="2024-07-02T14:36:48 IST" skipped="0">
  <testcase classname="HelperAttributes.WorkwithInvocationCount" name="AddtoCart" time="0.008"/>
  <system-out>
    <![CDATA[AddtoCart]]>
  </system-out>
  <testcase classname="HelperAttributes.WorkwithInvocationCount" name="Launch" time="10.725"/>
  <system-out/>
  <testcase classname="HelperAttributes.WorkwithInvocationCount" name="AddtoCart" time="0.001"/>
  <system-out>
    <![CDATA[AddtoCart]]>
  </system-out>
  <testcase classname="HelperAttributes.WorkwithInvocationCount" name="Launch" time="15.385"/>
  <system-out/>
  <testcase classname="HelperAttributes.WorkwithInvocationCount" name="Launch" time="11.181"/>
  <system-out/>
</testsuite> <!-- HelperAttributes.WorkwithInvocationCount -->
