<?xml version="1.0" encoding="UTF-8"?>
<!-- Generated by org.testng.reporters.JUnitReportReporter -->
<testsuite hostname="Raghav" failures="0" tests="2" name="TestNGTopic.DataProvider" time="0.018" errors="0" timestamp="2024-07-09T15:47:43 IST" skipped="0">
  <testcase classname="TestNGTopic.DataProvider" name="details" time="0.009"/>
  <system-out>
    <![CDATA[Raghav
Maheshwari
1234567890]]>
  </system-out>
  <testcase classname="TestNGTopic.DataProvider" name="details" time="0.009"/>
  <system-out>
    <![CDATA[Raghav1
Maheshwari1
1234567891]]>
  </system-out>
</testsuite> <!-- TestNGTopic.DataProvider -->
