<?xml version="1.0" encoding="UTF-8"?>
<!-- Generated by org.testng.reporters.JUnitReportReporter -->
<testsuite hostname="Raghav" failures="0" tests="1" name="VTriger_Scripts.Script4" time="32.930" errors="0" timestamp="2024-07-14T15:50:35 IST" skipped="0">
  <testcase classname="VTriger_Scripts.Script4" name="script4" time="32.930"/>
  <system-out>
    <![CDATA[Test case started: 
Test case Success: 
Test case success: script4]]>
  </system-out>
</testsuite> <!-- VTriger_Scripts.Script4 -->
