<?xml version="1.0" encoding="UTF-8"?>
<!-- Generated by org.testng.reporters.JUnitReportReporter -->
<testsuite hostname="Raghav" failures="0" tests="3" name="TestNGTopic.DataProviderExcel" time="140.033" errors="0" timestamp="2024-07-12T13:13:51 IST" skipped="0">
  <testcase classname="TestNGTopic.DataProviderExcel" name="details" time="58.793"/>
  <system-out/>
  <testcase classname="TestNGTopic.DataProviderExcel" name="details" time="39.921"/>
  <system-out/>
  <testcase classname="TestNGTopic.DataProviderExcel" name="details" time="41.319"/>
  <system-out/>
</testsuite> <!-- TestNGTopic.DataProviderExcel -->
