<?xml version="1.0" encoding="UTF-8"?>
<!-- Generated by org.testng.reporters.JUnitReportReporter -->
<testsuite hostname="Raghav" failures="0" tests="2" name="crossbrowser.CrossBrowser" time="28.871" errors="0" timestamp="2024-07-08T15:49:35 IST" skipped="0">
  <testcase classname="crossbrowser.CrossBrowser" name="launchBrowser" time="13.192"/>
  <system-out/>
  <testcase classname="crossbrowser.CrossBrowser" name="launchBrowser" time="15.679"/>
  <system-out/>
</testsuite> <!-- crossbrowser.CrossBrowser -->
