<?xml version="1.0" encoding="UTF-8"?>
<!-- Generated by org.testng.reporters.JUnitReportReporter -->
<testsuite hostname="Raghav" failures="0" tests="3" name="HelperAttributes.WorkwithThreadPoolSize" time="53.362" errors="0" timestamp="2024-07-02T14:50:49 IST" skipped="0">
  <testcase classname="HelperAttributes.WorkwithThreadPoolSize" name="Launch" time="16.809"/>
  <system-out/>
  <testcase classname="HelperAttributes.WorkwithThreadPoolSize" name="Launch" time="19.577"/>
  <system-out/>
  <testcase classname="HelperAttributes.WorkwithThreadPoolSize" name="Launch" time="16.976"/>
  <system-out/>
</testsuite> <!-- HelperAttributes.WorkwithThreadPoolSize -->
